2013/03/30 07:50:03 [error] [php] PDO::__construct(): php_network_getaddresses: getaddrinfo failed: No such host is known.  (C:\xampp\htdocs\YiiRoot\framework\db\CDbConnection.php:423)
Stack trace:
#0 C:\xampp\htdocs\YiiRoot\framework\db\CDbConnection.php(330): CDbConnection->open()
#1 C:\xampp\htdocs\YiiRoot\framework\db\CDbConnection.php(308): CDbConnection->setActive()
#2 C:\xampp\htdocs\YiiRoot\framework\base\CModule.php(387): CDbConnection->init()
#3 C:\xampp\htdocs\YiiRoot\framework\base\CModule.php(103): CWebApplication->getComponent()
#4 C:\xampp\htdocs\YiiRoot\framework\gii\generators\model\ModelCode.php(57): CWebApplication->__get()
#5 C:\xampp\htdocs\YiiRoot\framework\web\CFormModel.php(39): ModelCode->init()
#6 C:\xampp\htdocs\YiiRoot\framework\gii\CCodeGenerator.php(153): ModelCode->__construct()
#7 C:\xampp\htdocs\YiiRoot\framework\gii\CCodeGenerator.php(63): ModelGenerator->prepare()
#8 C:\xampp\htdocs\YiiRoot\framework\web\actions\CInlineAction.php(49): ModelGenerator->actionIndex()
#9 C:\xampp\htdocs\YiiRoot\framework\web\CController.php(308): CInlineAction->runWithParams()
#10 C:\xampp\htdocs\YiiRoot\framework\web\CController.php(286): ModelGenerator->runAction()
#11 C:\xampp\htdocs\YiiRoot\framework\web\CController.php(265): ModelGenerator->runActionWithFilters()
#12 C:\xampp\htdocs\YiiRoot\framework\web\CWebApplication.php(282): ModelGenerator->run()
#13 C:\xampp\htdocs\YiiRoot\framework\web\CWebApplication.php(141): CWebApplication->runController()
#14 C:\xampp\htdocs\YiiRoot\framework\base\CApplication.php(169): CWebApplication->processRequest()
#15 C:\xampp\htdocs\smiletrip\index.php(13): CWebApplication->run()
REQUEST_URI=/smiletrip/index.php?r=gii/model
in C:\xampp\htdocs\smiletrip\index.php (13)
2013/03/30 07:51:27 [error] [php] PDO::__construct(): php_network_getaddresses: getaddrinfo failed: No such host is known.  (C:\xampp\htdocs\YiiRoot\framework\db\CDbConnection.php:423)
Stack trace:
#0 C:\xampp\htdocs\YiiRoot\framework\db\CDbConnection.php(330): CDbConnection->open()
#1 C:\xampp\htdocs\YiiRoot\framework\db\CDbConnection.php(308): CDbConnection->setActive()
#2 C:\xampp\htdocs\YiiRoot\framework\base\CModule.php(387): CDbConnection->init()
#3 C:\xampp\htdocs\YiiRoot\framework\base\CModule.php(103): CWebApplication->getComponent()
#4 C:\xampp\htdocs\YiiRoot\framework\gii\generators\model\ModelCode.php(57): CWebApplication->__get()
#5 C:\xampp\htdocs\YiiRoot\framework\web\CFormModel.php(39): ModelCode->init()
#6 C:\xampp\htdocs\YiiRoot\framework\gii\CCodeGenerator.php(153): ModelCode->__construct()
#7 C:\xampp\htdocs\YiiRoot\framework\gii\CCodeGenerator.php(63): ModelGenerator->prepare()
#8 C:\xampp\htdocs\YiiRoot\framework\web\actions\CInlineAction.php(49): ModelGenerator->actionIndex()
#9 C:\xampp\htdocs\YiiRoot\framework\web\CController.php(308): CInlineAction->runWithParams()
#10 C:\xampp\htdocs\YiiRoot\framework\web\CController.php(286): ModelGenerator->runAction()
#11 C:\xampp\htdocs\YiiRoot\framework\web\CController.php(265): ModelGenerator->runActionWithFilters()
#12 C:\xampp\htdocs\YiiRoot\framework\web\CWebApplication.php(282): ModelGenerator->run()
#13 C:\xampp\htdocs\YiiRoot\framework\web\CWebApplication.php(141): CWebApplication->runController()
#14 C:\xampp\htdocs\YiiRoot\framework\base\CApplication.php(169): CWebApplication->processRequest()
#15 C:\xampp\htdocs\smiletrip\index.php(13): CWebApplication->run()
REQUEST_URI=/smiletrip/index.php?r=gii/model
in C:\xampp\htdocs\smiletrip\index.php (13)
2013/03/30 07:51:35 [error] [php] PDO::__construct(): php_network_getaddresses: getaddrinfo failed: No such host is known.  (C:\xampp\htdocs\YiiRoot\framework\db\CDbConnection.php:423)
Stack trace:
#0 C:\xampp\htdocs\YiiRoot\framework\db\CDbConnection.php(330): CDbConnection->open()
#1 C:\xampp\htdocs\YiiRoot\framework\db\CDbConnection.php(308): CDbConnection->setActive()
#2 C:\xampp\htdocs\YiiRoot\framework\base\CModule.php(387): CDbConnection->init()
#3 C:\xampp\htdocs\YiiRoot\framework\base\CModule.php(103): CWebApplication->getComponent()
#4 C:\xampp\htdocs\YiiRoot\framework\gii\generators\crud\CrudCode.php(44): CWebApplication->__get()
#5 C:\xampp\htdocs\YiiRoot\framework\web\CFormModel.php(39): CrudCode->init()
#6 C:\xampp\htdocs\YiiRoot\framework\gii\CCodeGenerator.php(153): CrudCode->__construct()
#7 C:\xampp\htdocs\YiiRoot\framework\gii\CCodeGenerator.php(63): CrudGenerator->prepare()
#8 C:\xampp\htdocs\YiiRoot\framework\web\actions\CInlineAction.php(49): CrudGenerator->actionIndex()
#9 C:\xampp\htdocs\YiiRoot\framework\web\CController.php(308): CInlineAction->runWithParams()
#10 C:\xampp\htdocs\YiiRoot\framework\web\CController.php(286): CrudGenerator->runAction()
#11 C:\xampp\htdocs\YiiRoot\framework\web\CController.php(265): CrudGenerator->runActionWithFilters()
#12 C:\xampp\htdocs\YiiRoot\framework\web\CWebApplication.php(282): CrudGenerator->run()
#13 C:\xampp\htdocs\YiiRoot\framework\web\CWebApplication.php(141): CWebApplication->runController()
#14 C:\xampp\htdocs\YiiRoot\framework\base\CApplication.php(169): CWebApplication->processRequest()
#15 C:\xampp\htdocs\smiletrip\index.php(13): CWebApplication->run()
REQUEST_URI=/smiletrip/index.php?r=gii/crud
in C:\xampp\htdocs\smiletrip\index.php (13)
2013/03/30 07:51:56 [error] [php] PDO::__construct(): php_network_getaddresses: getaddrinfo failed: No such host is known.  (C:\xampp\htdocs\YiiRoot\framework\db\CDbConnection.php:423)
Stack trace:
#0 C:\xampp\htdocs\YiiRoot\framework\db\CDbConnection.php(330): CDbConnection->open()
#1 C:\xampp\htdocs\YiiRoot\framework\db\CDbConnection.php(308): CDbConnection->setActive()
#2 C:\xampp\htdocs\YiiRoot\framework\base\CModule.php(387): CDbConnection->init()
#3 C:\xampp\htdocs\YiiRoot\framework\base\CModule.php(103): CWebApplication->getComponent()
#4 C:\xampp\htdocs\YiiRoot\framework\gii\generators\model\ModelCode.php(57): CWebApplication->__get()
#5 C:\xampp\htdocs\YiiRoot\framework\web\CFormModel.php(39): ModelCode->init()
#6 C:\xampp\htdocs\YiiRoot\framework\gii\CCodeGenerator.php(153): ModelCode->__construct()
#7 C:\xampp\htdocs\YiiRoot\framework\gii\CCodeGenerator.php(63): ModelGenerator->prepare()
#8 C:\xampp\htdocs\YiiRoot\framework\web\actions\CInlineAction.php(49): ModelGenerator->actionIndex()
#9 C:\xampp\htdocs\YiiRoot\framework\web\CController.php(308): CInlineAction->runWithParams()
#10 C:\xampp\htdocs\YiiRoot\framework\web\CController.php(286): ModelGenerator->runAction()
#11 C:\xampp\htdocs\YiiRoot\framework\web\CController.php(265): ModelGenerator->runActionWithFilters()
#12 C:\xampp\htdocs\YiiRoot\framework\web\CWebApplication.php(282): ModelGenerator->run()
#13 C:\xampp\htdocs\YiiRoot\framework\web\CWebApplication.php(141): CWebApplication->runController()
#14 C:\xampp\htdocs\YiiRoot\framework\base\CApplication.php(169): CWebApplication->processRequest()
#15 C:\xampp\htdocs\smiletrip\index.php(13): CWebApplication->run()
REQUEST_URI=/smiletrip/index.php?r=gii/model
in C:\xampp\htdocs\smiletrip\index.php (13)
2013/03/30 07:53:15 [error] [php] PDO::__construct(): php_network_getaddresses: getaddrinfo failed: No such host is known.  (C:\xampp\htdocs\YiiRoot\framework\db\CDbConnection.php:423)
Stack trace:
#0 C:\xampp\htdocs\YiiRoot\framework\db\CDbConnection.php(330): CDbConnection->open()
#1 C:\xampp\htdocs\YiiRoot\framework\db\CDbConnection.php(308): CDbConnection->setActive()
#2 C:\xampp\htdocs\YiiRoot\framework\base\CModule.php(387): CDbConnection->init()
#3 C:\xampp\htdocs\YiiRoot\framework\base\CModule.php(103): CWebApplication->getComponent()
#4 C:\xampp\htdocs\YiiRoot\framework\gii\generators\model\ModelCode.php(57): CWebApplication->__get()
#5 C:\xampp\htdocs\YiiRoot\framework\web\CFormModel.php(39): ModelCode->init()
#6 C:\xampp\htdocs\YiiRoot\framework\gii\CCodeGenerator.php(153): ModelCode->__construct()
#7 C:\xampp\htdocs\YiiRoot\framework\gii\CCodeGenerator.php(63): ModelGenerator->prepare()
#8 C:\xampp\htdocs\YiiRoot\framework\web\actions\CInlineAction.php(49): ModelGenerator->actionIndex()
#9 C:\xampp\htdocs\YiiRoot\framework\web\CController.php(308): CInlineAction->runWithParams()
#10 C:\xampp\htdocs\YiiRoot\framework\web\CController.php(286): ModelGenerator->runAction()
#11 C:\xampp\htdocs\YiiRoot\framework\web\CController.php(265): ModelGenerator->runActionWithFilters()
#12 C:\xampp\htdocs\YiiRoot\framework\web\CWebApplication.php(282): ModelGenerator->run()
#13 C:\xampp\htdocs\YiiRoot\framework\web\CWebApplication.php(141): CWebApplication->runController()
#14 C:\xampp\htdocs\YiiRoot\framework\base\CApplication.php(169): CWebApplication->processRequest()
#15 C:\xampp\htdocs\smiletrip\index.php(13): CWebApplication->run()
REQUEST_URI=/smiletrip/index.php/gii/model
in C:\xampp\htdocs\smiletrip\index.php (13)
2013/03/30 07:54:06 [error] [php] PDO::__construct(): php_network_getaddresses: getaddrinfo failed: No such host is known.  (C:\xampp\htdocs\YiiRoot\framework\db\CDbConnection.php:423)
Stack trace:
#0 C:\xampp\htdocs\YiiRoot\framework\db\CDbConnection.php(330): CDbConnection->open()
#1 C:\xampp\htdocs\YiiRoot\framework\db\CDbConnection.php(308): CDbConnection->setActive()
#2 C:\xampp\htdocs\YiiRoot\framework\base\CModule.php(387): CDbConnection->init()
#3 C:\xampp\htdocs\YiiRoot\framework\base\CModule.php(103): CWebApplication->getComponent()
#4 C:\xampp\htdocs\YiiRoot\framework\gii\generators\model\ModelCode.php(57): CWebApplication->__get()
#5 C:\xampp\htdocs\YiiRoot\framework\web\CFormModel.php(39): ModelCode->init()
#6 C:\xampp\htdocs\YiiRoot\framework\gii\CCodeGenerator.php(153): ModelCode->__construct()
#7 C:\xampp\htdocs\YiiRoot\framework\gii\CCodeGenerator.php(63): ModelGenerator->prepare()
#8 C:\xampp\htdocs\YiiRoot\framework\web\actions\CInlineAction.php(49): ModelGenerator->actionIndex()
#9 C:\xampp\htdocs\YiiRoot\framework\web\CController.php(308): CInlineAction->runWithParams()
#10 C:\xampp\htdocs\YiiRoot\framework\web\CController.php(286): ModelGenerator->runAction()
#11 C:\xampp\htdocs\YiiRoot\framework\web\CController.php(265): ModelGenerator->runActionWithFilters()
#12 C:\xampp\htdocs\YiiRoot\framework\web\CWebApplication.php(282): ModelGenerator->run()
#13 C:\xampp\htdocs\YiiRoot\framework\web\CWebApplication.php(141): CWebApplication->runController()
#14 C:\xampp\htdocs\YiiRoot\framework\base\CApplication.php(169): CWebApplication->processRequest()
#15 C:\xampp\htdocs\smiletrip\index.php(13): CWebApplication->run()
REQUEST_URI=/smiletrip/index.php?r=gii/model
in C:\xampp\htdocs\smiletrip\index.php (13)
2013/03/30 07:55:35 [error] [php] PDO::__construct(): php_network_getaddresses: getaddrinfo failed: No such host is known.  (C:\xampp\htdocs\YiiRoot\framework\db\CDbConnection.php:423)
Stack trace:
#0 C:\xampp\htdocs\YiiRoot\framework\db\CDbConnection.php(330): CDbConnection->open()
#1 C:\xampp\htdocs\YiiRoot\framework\db\CDbConnection.php(308): CDbConnection->setActive()
#2 C:\xampp\htdocs\YiiRoot\framework\base\CModule.php(387): CDbConnection->init()
#3 C:\xampp\htdocs\YiiRoot\framework\base\CModule.php(103): CWebApplication->getComponent()
#4 C:\xampp\htdocs\YiiRoot\framework\gii\generators\model\ModelCode.php(57): CWebApplication->__get()
#5 C:\xampp\htdocs\YiiRoot\framework\web\CFormModel.php(39): ModelCode->init()
#6 C:\xampp\htdocs\YiiRoot\framework\gii\CCodeGenerator.php(153): ModelCode->__construct()
#7 C:\xampp\htdocs\YiiRoot\framework\gii\CCodeGenerator.php(63): ModelGenerator->prepare()
#8 C:\xampp\htdocs\YiiRoot\framework\web\actions\CInlineAction.php(49): ModelGenerator->actionIndex()
#9 C:\xampp\htdocs\YiiRoot\framework\web\CController.php(308): CInlineAction->runWithParams()
#10 C:\xampp\htdocs\YiiRoot\framework\web\CController.php(286): ModelGenerator->runAction()
#11 C:\xampp\htdocs\YiiRoot\framework\web\CController.php(265): ModelGenerator->runActionWithFilters()
#12 C:\xampp\htdocs\YiiRoot\framework\web\CWebApplication.php(282): ModelGenerator->run()
#13 C:\xampp\htdocs\YiiRoot\framework\web\CWebApplication.php(141): CWebApplication->runController()
#14 C:\xampp\htdocs\YiiRoot\framework\base\CApplication.php(169): CWebApplication->processRequest()
#15 C:\xampp\htdocs\smiletrip\index.php(13): CWebApplication->run()
REQUEST_URI=/smiletrip/index.php?r=gii/model
in C:\xampp\htdocs\smiletrip\index.php (13)
2013/03/30 08:02:26 [error] [php] PDO::__construct(): php_network_getaddresses: getaddrinfo failed: No such host is known.  (C:\xampp\htdocs\YiiRoot\framework\db\CDbConnection.php:423)
Stack trace:
#0 C:\xampp\htdocs\YiiRoot\framework\db\CDbConnection.php(330): CDbConnection->open()
#1 C:\xampp\htdocs\YiiRoot\framework\db\CDbConnection.php(308): CDbConnection->setActive()
#2 C:\xampp\htdocs\YiiRoot\framework\base\CModule.php(387): CDbConnection->init()
#3 C:\xampp\htdocs\YiiRoot\framework\base\CModule.php(103): CWebApplication->getComponent()
#4 C:\xampp\htdocs\YiiRoot\framework\gii\generators\model\ModelCode.php(57): CWebApplication->__get()
#5 C:\xampp\htdocs\YiiRoot\framework\web\CFormModel.php(39): ModelCode->init()
#6 C:\xampp\htdocs\YiiRoot\framework\gii\CCodeGenerator.php(153): ModelCode->__construct()
#7 C:\xampp\htdocs\YiiRoot\framework\gii\CCodeGenerator.php(63): ModelGenerator->prepare()
#8 C:\xampp\htdocs\YiiRoot\framework\web\actions\CInlineAction.php(49): ModelGenerator->actionIndex()
#9 C:\xampp\htdocs\YiiRoot\framework\web\CController.php(308): CInlineAction->runWithParams()
#10 C:\xampp\htdocs\YiiRoot\framework\web\CController.php(286): ModelGenerator->runAction()
#11 C:\xampp\htdocs\YiiRoot\framework\web\CController.php(265): ModelGenerator->runActionWithFilters()
#12 C:\xampp\htdocs\YiiRoot\framework\web\CWebApplication.php(282): ModelGenerator->run()
#13 C:\xampp\htdocs\YiiRoot\framework\web\CWebApplication.php(141): CWebApplication->runController()
#14 C:\xampp\htdocs\YiiRoot\framework\base\CApplication.php(169): CWebApplication->processRequest()
#15 C:\xampp\htdocs\smiletrip\index.php(13): CWebApplication->run()
REQUEST_URI=/smiletrip/index.php?r=gii/model
in C:\xampp\htdocs\smiletrip\index.php (13)
2013/03/30 14:30:21 [error] [exception.CHttpException.403] exception 'CHttpException' with message 'You are not allowed to access this page.' in /home/zp7738/domains/zp7738.tld/public_html/smiletrip/YiiRoot/framework/gii/GiiModule.php:168
Stack trace:
#0 /home/zp7738/domains/zp7738.tld/public_html/smiletrip/YiiRoot/framework/web/CController.php(263): GiiModule->beforeControllerAction(Object(DefaultController), Object(CInlineAction))
#1 /home/zp7738/domains/zp7738.tld/public_html/smiletrip/YiiRoot/framework/web/CWebApplication.php(282): CController->run('')
#2 /home/zp7738/domains/zp7738.tld/public_html/smiletrip/YiiRoot/framework/web/CWebApplication.php(141): CWebApplication->runController('gii')
#3 /home/zp7738/domains/zp7738.tld/public_html/smiletrip/YiiRoot/framework/base/CApplication.php(169): CWebApplication->processRequest()
#4 /home/zp7738/domains/zp7738.tld/public_html/smiletrip/index.php(13): CApplication->run()
#5 {main}
REQUEST_URI=/smiletrip/index.php?r=gii
---
2013/03/30 14:30:40 [error] [exception.CHttpException.403] exception 'CHttpException' with message 'You are not allowed to access this page.' in /home/zp7738/domains/zp7738.tld/public_html/smiletrip/YiiRoot/framework/gii/GiiModule.php:168
Stack trace:
#0 /home/zp7738/domains/zp7738.tld/public_html/smiletrip/YiiRoot/framework/web/CController.php(263): GiiModule->beforeControllerAction(Object(DefaultController), Object(CInlineAction))
#1 /home/zp7738/domains/zp7738.tld/public_html/smiletrip/YiiRoot/framework/web/CWebApplication.php(282): CController->run('')
#2 /home/zp7738/domains/zp7738.tld/public_html/smiletrip/YiiRoot/framework/web/CWebApplication.php(141): CWebApplication->runController('gii')
#3 /home/zp7738/domains/zp7738.tld/public_html/smiletrip/YiiRoot/framework/base/CApplication.php(169): CWebApplication->processRequest()
#4 /home/zp7738/domains/zp7738.tld/public_html/smiletrip/index.php(13): CApplication->run()
#5 {main}
REQUEST_URI=/smiletrip/index.php?r=gii
---
2013/03/30 14:30:46 [error] [exception.CHttpException.403] exception 'CHttpException' with message 'You are not allowed to access this page.' in /home/zp7738/domains/zp7738.tld/public_html/smiletrip/YiiRoot/framework/gii/GiiModule.php:168
Stack trace:
#0 /home/zp7738/domains/zp7738.tld/public_html/smiletrip/YiiRoot/framework/web/CController.php(263): GiiModule->beforeControllerAction(Object(DefaultController), Object(CInlineAction))
#1 /home/zp7738/domains/zp7738.tld/public_html/smiletrip/YiiRoot/framework/web/CWebApplication.php(282): CController->run('')
#2 /home/zp7738/domains/zp7738.tld/public_html/smiletrip/YiiRoot/framework/web/CWebApplication.php(141): CWebApplication->runController('gii')
#3 /home/zp7738/domains/zp7738.tld/public_html/smiletrip/YiiRoot/framework/base/CApplication.php(169): CWebApplication->processRequest()
#4 /home/zp7738/domains/zp7738.tld/public_html/smiletrip/index.php(13): CApplication->run()
#5 {main}
REQUEST_URI=/smiletrip/index.php?r=gii
---
2013/03/30 14:31:50 [error] [exception.CHttpException.403] exception 'CHttpException' with message 'You are not allowed to access this page.' in /home/zp7738/domains/zp7738.tld/public_html/smiletrip/YiiRoot/framework/gii/GiiModule.php:168
Stack trace:
#0 /home/zp7738/domains/zp7738.tld/public_html/smiletrip/YiiRoot/framework/web/CController.php(263): GiiModule->beforeControllerAction(Object(DefaultController), Object(CInlineAction))
#1 /home/zp7738/domains/zp7738.tld/public_html/smiletrip/YiiRoot/framework/web/CWebApplication.php(282): CController->run('')
#2 /home/zp7738/domains/zp7738.tld/public_html/smiletrip/YiiRoot/framework/web/CWebApplication.php(141): CWebApplication->runController('gii')
#3 /home/zp7738/domains/zp7738.tld/public_html/smiletrip/YiiRoot/framework/base/CApplication.php(169): CWebApplication->processRequest()
#4 /home/zp7738/domains/zp7738.tld/public_html/smiletrip/index.php(13): CApplication->run()
#5 {main}
REQUEST_URI=/smiletrip/index.php?r=gii
---
2013/03/30 14:38:26 [error] [exception.CHttpException.403] exception 'CHttpException' with message 'You are not allowed to access this page.' in /home/zp7738/domains/zp7738.tld/public_html/smiletrip/YiiRoot/framework/gii/GiiModule.php:168
Stack trace:
#0 /home/zp7738/domains/zp7738.tld/public_html/smiletrip/YiiRoot/framework/web/CController.php(263): GiiModule->beforeControllerAction(Object(DefaultController), Object(CInlineAction))
#1 /home/zp7738/domains/zp7738.tld/public_html/smiletrip/YiiRoot/framework/web/CWebApplication.php(282): CController->run('')
#2 /home/zp7738/domains/zp7738.tld/public_html/smiletrip/YiiRoot/framework/web/CWebApplication.php(141): CWebApplication->runController('gii')
#3 /home/zp7738/domains/zp7738.tld/public_html/smiletrip/YiiRoot/framework/base/CApplication.php(169): CWebApplication->processRequest()
#4 /home/zp7738/domains/zp7738.tld/public_html/smiletrip/index.php(13): CApplication->run()
#5 {main}
REQUEST_URI=/smiletrip/index.php?r=gii
---
2013/03/30 14:40:38 [error] [exception.CHttpException.403] exception 'CHttpException' with message 'You are not allowed to access this page.' in /home/zp7738/domains/zp7738.tld/public_html/smiletrip/YiiRoot/framework/gii/GiiModule.php:168
Stack trace:
#0 /home/zp7738/domains/zp7738.tld/public_html/smiletrip/YiiRoot/framework/web/CController.php(263): GiiModule->beforeControllerAction(Object(DefaultController), Object(CInlineAction))
#1 /home/zp7738/domains/zp7738.tld/public_html/smiletrip/YiiRoot/framework/web/CWebApplication.php(282): CController->run('')
#2 /home/zp7738/domains/zp7738.tld/public_html/smiletrip/YiiRoot/framework/web/CWebApplication.php(141): CWebApplication->runController('gii')
#3 /home/zp7738/domains/zp7738.tld/public_html/smiletrip/YiiRoot/framework/base/CApplication.php(169): CWebApplication->processRequest()
#4 /home/zp7738/domains/zp7738.tld/public_html/smiletrip/index.php(13): CApplication->run()
#5 {main}
REQUEST_URI=/smiletrip/index.php?r=gii
---
2013/03/30 14:40:48 [error] [exception.CHttpException.403] exception 'CHttpException' with message 'You are not allowed to access this page.' in /home/zp7738/domains/zp7738.tld/public_html/smiletrip/YiiRoot/framework/gii/GiiModule.php:168
Stack trace:
#0 /home/zp7738/domains/zp7738.tld/public_html/smiletrip/YiiRoot/framework/web/CController.php(263): GiiModule->beforeControllerAction(Object(DefaultController), Object(CInlineAction))
#1 /home/zp7738/domains/zp7738.tld/public_html/smiletrip/YiiRoot/framework/web/CWebApplication.php(282): CController->run('')
#2 /home/zp7738/domains/zp7738.tld/public_html/smiletrip/YiiRoot/framework/web/CWebApplication.php(141): CWebApplication->runController('gii')
#3 /home/zp7738/domains/zp7738.tld/public_html/smiletrip/YiiRoot/framework/base/CApplication.php(169): CWebApplication->processRequest()
#4 /home/zp7738/domains/zp7738.tld/public_html/smiletrip/index.php(13): CApplication->run()
#5 {main}
REQUEST_URI=/smiletrip/index.php?r=gii
---
2013/03/30 14:44:41 [error] [exception.CDbException] exception 'CDbException' with message 'CDbConnection failed to open the DB connection: SQLSTATE[28000] [1045] Access denied for user 'senior'@'localhost' (using password: YES)' in /home/zp7738/domains/zp7738.tld/public_html/smiletrip/YiiRoot/framework/db/CDbConnection.php:381
Stack trace:
#0 /home/zp7738/domains/zp7738.tld/public_html/smiletrip/YiiRoot/framework/db/CDbConnection.php(330): CDbConnection->open()
#1 /home/zp7738/domains/zp7738.tld/public_html/smiletrip/YiiRoot/framework/db/CDbConnection.php(308): CDbConnection->setActive(true)
#2 /home/zp7738/domains/zp7738.tld/public_html/smiletrip/YiiRoot/framework/base/CModule.php(387): CDbConnection->init()
#3 /home/zp7738/domains/zp7738.tld/public_html/smiletrip/YiiRoot/framework/base/CModule.php(103): CModule->getComponent('db')
#4 /home/zp7738/domains/zp7738.tld/public_html/smiletrip/YiiRoot/framework/gii/generators/model/ModelCode.php(57): CModule->__get('db')
#5 /home/zp7738/domains/zp7738.tld/public_html/smiletrip/YiiRoot/framework/web/CFormModel.php(39): ModelCode->init()
#6 /home/zp7738/domains/zp7738.tld/public_html/smiletrip/YiiRoot/framework/gii/CCodeGenerator.php(153): CFormModel->__construct()
#7 /home/zp7738/domains/zp7738.tld/public_html/smiletrip/YiiRoot/framework/gii/CCodeGenerator.php(63): CCodeGenerator->prepare()
#8 /home/zp7738/domains/zp7738.tld/public_html/smiletrip/YiiRoot/framework/web/actions/CInlineAction.php(49): CCodeGenerator->actionIndex()
#9 /home/zp7738/domains/zp7738.tld/public_html/smiletrip/YiiRoot/framework/web/CController.php(308): CInlineAction->runWithParams(Array)
#10 /home/zp7738/domains/zp7738.tld/public_html/smiletrip/YiiRoot/framework/web/CController.php(286): CController->runAction(Object(CInlineAction))
#11 /home/zp7738/domains/zp7738.tld/public_html/smiletrip/YiiRoot/framework/web/CController.php(265): CController->runActionWithFilters(Object(CInlineAction), Array)
#12 /home/zp7738/domains/zp7738.tld/public_html/smiletrip/YiiRoot/framework/web/CWebApplication.php(282): CController->run('')
#13 /home/zp7738/domains/zp7738.tld/public_html/smiletrip/YiiRoot/framework/web/CWebApplication.php(141): CWebApplication->runController('gii/model')
#14 /home/zp7738/domains/zp7738.tld/public_html/smiletrip/YiiRoot/framework/base/CApplication.php(169): CWebApplication->processRequest()
#15 /home/zp7738/domains/zp7738.tld/public_html/smiletrip/index.php(13): CApplication->run()
#16 {main}
REQUEST_URI=/smiletrip/index.php?r=gii/model
HTTP_REFERER=http://www.zp7738.tld.122.155.18.18.no-domain.name/smiletrip/index.php?r=gii
---
2013/03/30 14:44:52 [error] [exception.CDbException] exception 'CDbException' with message 'CDbConnection failed to open the DB connection: SQLSTATE[28000] [1045] Access denied for user 'senior'@'localhost' (using password: YES)' in /home/zp7738/domains/zp7738.tld/public_html/smiletrip/YiiRoot/framework/db/CDbConnection.php:381
Stack trace:
#0 /home/zp7738/domains/zp7738.tld/public_html/smiletrip/YiiRoot/framework/db/CDbConnection.php(330): CDbConnection->open()
#1 /home/zp7738/domains/zp7738.tld/public_html/smiletrip/YiiRoot/framework/db/CDbConnection.php(308): CDbConnection->setActive(true)
#2 /home/zp7738/domains/zp7738.tld/public_html/smiletrip/YiiRoot/framework/base/CModule.php(387): CDbConnection->init()
#3 /home/zp7738/domains/zp7738.tld/public_html/smiletrip/YiiRoot/framework/base/CModule.php(103): CModule->getComponent('db')
#4 /home/zp7738/domains/zp7738.tld/public_html/smiletrip/YiiRoot/framework/gii/generators/crud/CrudCode.php(44): CModule->__get('db')
#5 /home/zp7738/domains/zp7738.tld/public_html/smiletrip/YiiRoot/framework/web/CFormModel.php(39): CrudCode->init()
#6 /home/zp7738/domains/zp7738.tld/public_html/smiletrip/YiiRoot/framework/gii/CCodeGenerator.php(153): CFormModel->__construct()
#7 /home/zp7738/domains/zp7738.tld/public_html/smiletrip/YiiRoot/framework/gii/CCodeGenerator.php(63): CCodeGenerator->prepare()
#8 /home/zp7738/domains/zp7738.tld/public_html/smiletrip/YiiRoot/framework/web/actions/CInlineAction.php(49): CCodeGenerator->actionIndex()
#9 /home/zp7738/domains/zp7738.tld/public_html/smiletrip/YiiRoot/framework/web/CController.php(308): CInlineAction->runWithParams(Array)
#10 /home/zp7738/domains/zp7738.tld/public_html/smiletrip/YiiRoot/framework/web/CController.php(286): CController->runAction(Object(CInlineAction))
#11 /home/zp7738/domains/zp7738.tld/public_html/smiletrip/YiiRoot/framework/web/CController.php(265): CController->runActionWithFilters(Object(CInlineAction), Array)
#12 /home/zp7738/domains/zp7738.tld/public_html/smiletrip/YiiRoot/framework/web/CWebApplication.php(282): CController->run('')
#13 /home/zp7738/domains/zp7738.tld/public_html/smiletrip/YiiRoot/framework/web/CWebApplication.php(141): CWebApplication->runController('gii/crud')
#14 /home/zp7738/domains/zp7738.tld/public_html/smiletrip/YiiRoot/framework/base/CApplication.php(169): CWebApplication->processRequest()
#15 /home/zp7738/domains/zp7738.tld/public_html/smiletrip/index.php(13): CApplication->run()
#16 {main}
REQUEST_URI=/smiletrip/index.php?r=gii/crud
HTTP_REFERER=http://www.zp7738.tld.122.155.18.18.no-domain.name/smiletrip/index.php?r=gii
---
